2024-05-07 11:03:48,495 - Submitted sub-CA00152 ses-202301041 with job ID 162566
2024-05-07 11:03:48,538 - Submitted sub-CG64142 ses-202311071 with job ID 162567
2024-05-07 11:03:48,576 - Submitted sub-CG64142 ses-202401301 with job ID 162568
2024-05-07 11:03:48,620 - Submitted sub-CG71543 ses-202312191 with job ID 162569
2024-05-07 11:03:48,663 - Submitted sub-CG80875 ses-202311281 with job ID 162570
2024-05-07 11:03:48,706 - Submitted sub-CG85281 ses-202401231 with job ID 162571
2024-05-07 11:03:48,745 - Submitted sub-CG85336 ses-202311211 with job ID 162572
2024-05-07 11:03:48,789 - Submitted sub-CG93197 ses-202404091 with job ID 162573
2024-05-07 11:03:48,831 - Submitted sub-CG97315 ses-202402071 with job ID 162574
2024-05-07 11:03:48,873 - Submitted sub-CG97854 ses-202401171 with job ID 162575
2024-05-07 11:03:49,146 - Submitted sub-CM04902 ses-202310041 with job ID 162576
2024-05-07 11:03:49,187 - Submitted sub-CM08170 ses-202402201 with job ID 162577
2024-05-07 11:03:49,232 - Submitted sub-CM11703 ses-202403271 with job ID 162578
2024-05-07 11:03:49,289 - Submitted sub-CM11781 ses-202310101 with job ID 162579
2024-05-07 11:03:49,374 - Submitted sub-CM14305 ses-202402291 with job ID 162580
2024-05-07 11:03:49,423 - Submitted sub-CM16303 ses-202303201 with job ID 162581
2024-05-07 11:03:49,468 - Submitted sub-CP08326 ses-202402161 with job ID 162582
2024-05-07 11:03:49,515 - Submitted sub-CP17925 ses-202402081 with job ID 162583
2024-05-07 11:03:49,560 - Submitted sub-CP33719 ses-202403071 with job ID 162584
2024-05-07 11:03:49,604 - Submitted sub-CP65350 ses-202422021 with job ID 162585
2024-05-07 11:07:26,275 - Submitted sub-CP87798 ses-202312141 with job ID 162980
2024-05-07 11:07:26,321 - Submitted sub-CP90121 ses-202308111 with job ID 162981
2024-05-07 11:07:26,384 - Submitted sub-CP97363 ses-202402151 with job ID 162982
2024-05-07 11:07:26,427 - Submitted sub-GA03708 ses-202311291 with job ID 162983
2024-05-07 11:07:26,476 - Submitted sub-GA10048 ses-202404031 with job ID 162984
2024-05-07 11:07:26,523 - Submitted sub-GA11470 ses-202403271 with job ID 162985
2024-05-07 11:07:26,565 - Submitted sub-GA11470 ses-202404041 with job ID 162986
2024-05-07 11:07:26,610 - Submitted sub-GA20207 ses-202309291 with job ID 162987
2024-05-07 11:07:26,656 - Submitted sub-GA21312 ses-202311101 with job ID 162988
2024-05-07 11:07:26,703 - Submitted sub-GA25657 ses-202311031 with job ID 162989
2024-05-07 11:07:26,748 - Submitted sub-GA25657 ses-202401121 with job ID 162990
2024-05-07 11:07:26,795 - Submitted sub-GA36226 ses-202404101 with job ID 162991
2024-05-07 11:07:26,837 - Submitted sub-GA41374 ses-202404031 with job ID 162992
2024-05-07 11:07:26,882 - Submitted sub-GW03229 ses-202403221 with job ID 162993
2024-05-07 11:07:26,927 - Submitted sub-GW09340 ses-202312211 with job ID 162994
2024-05-07 11:07:26,970 - Submitted sub-GW26388 ses-202402231 with job ID 162995
2024-05-07 11:07:27,023 - Submitted sub-GW28603 ses-202403081 with job ID 162996
2024-05-07 11:07:27,071 - Submitted sub-GW42922 ses-202403081 with job ID 162997
2024-05-07 11:07:27,116 - Submitted sub-GW48576 ses-202403221 with job ID 162998
2024-05-07 11:07:27,161 - Submitted sub-GW51359 ses-202403151 with job ID 162999
2024-05-07 11:30:30,034 - Submitted sub-HA04486 ses-202312081 with job ID 165328
2024-05-07 11:30:30,076 - Submitted sub-HA12047 ses-202311091 with job ID 165329
2024-05-08 13:02:47,319 - Submitted sub-HA12770 ses-202403271 with job ID 321338
2024-05-08 13:02:47,370 - Submitted sub-HA14401 ses-202308221 with job ID 321339
2024-05-08 13:02:47,402 - Submitted sub-HA14401 ses-202312071 with job ID 321340
2024-05-08 13:02:47,443 - Submitted sub-HA16548 ses-202312101 with job ID 321343
2024-05-08 13:02:47,475 - Submitted sub-HA16948 ses-202310311 with job ID 321344
2024-05-08 13:02:47,507 - Submitted sub-HA16948 ses-202401101 with job ID 321345
2024-05-08 13:02:47,543 - Submitted sub-HA18013 ses-202403271 with job ID 321346
2024-05-08 13:02:47,582 - Submitted sub-HA19417 ses-202403281 with job ID 321347
2024-05-08 13:02:47,674 - Submitted sub-HA19439 ses-202402151 with job ID 321348
2024-05-08 13:02:47,718 - Submitted sub-HA20220 ses-202402221 with job ID 321349
2024-05-08 13:02:47,758 - Submitted sub-HA25103 ses-202403181 with job ID 321350
2024-05-08 13:02:47,799 - Submitted sub-HA25642 ses-202404171 with job ID 321351
2024-05-08 13:02:47,840 - Submitted sub-HK00163 ses-202403151 with job ID 321352
2024-05-08 13:02:47,878 - Submitted sub-HK03832 ses-202403151 with job ID 321353
2024-05-08 13:02:47,920 - Submitted sub-HK09975 ses-202403211 with job ID 321354
2024-05-08 13:02:47,955 - Submitted sub-HK14940 ses-202404121 with job ID 321355
2024-05-08 13:02:47,988 - Submitted sub-HK20103 ses-202402191 with job ID 321356
2024-05-08 13:02:48,022 - Submitted sub-HK21024 ses-202404161 with job ID 321357
2024-05-08 13:02:48,055 - Submitted sub-HK23561 ses-202403121 with job ID 321358
2024-05-08 13:02:48,086 - Submitted sub-HK36572 ses-202404171 with job ID 321359
2024-05-08 13:02:48,129 - Submitted sub-HK44800 ses-202403251 with job ID 321360
2024-05-08 13:02:48,165 - Submitted sub-HK49561 ses-202403111 with job ID 321361
2024-05-08 13:02:48,201 - Submitted sub-HK55429 ses-202403141 with job ID 321362
2024-05-08 13:02:48,241 - Submitted sub-HK59803 ses-202401241 with job ID 321363
2024-05-08 13:02:48,272 - Submitted sub-HK63335 ses-202403281 with job ID 321364
2024-05-08 13:02:48,316 - Submitted sub-HK67064 ses-202312201 with job ID 321365
2024-05-08 13:02:48,359 - Submitted sub-HK71168 ses-202312211 with job ID 321366
2024-05-08 13:02:48,403 - Submitted sub-HK81844 ses-202404111 with job ID 321367
2024-05-08 13:02:48,442 - Submitted sub-IR00491 ses-202210171 with job ID 321368
2024-05-08 13:02:48,472 - Submitted sub-IR00491 ses-202212191 with job ID 321369
2024-05-09 11:28:24,794 - Submitted sub-LS44022 ses-202312131 with job ID 461376
2024-05-09 11:28:24,838 - Submitted sub-LS44022 ses-202312132 with job ID 461377
2024-05-09 11:28:25,317 - Submitted sub-LS50574 ses-202402271 with job ID 461378
2024-05-09 11:28:25,359 - Submitted sub-LS53532 ses-202402061 with job ID 461379
2024-05-09 11:28:25,398 - Submitted sub-LS69701 ses-202308181 with job ID 461380
2024-05-09 11:28:25,438 - Submitted sub-LS78972 ses-202403111 with job ID 461381
2024-05-09 11:28:26,196 - Submitted sub-MA13030 ses-202403251 with job ID 461382
2024-05-09 11:28:26,256 - Submitted sub-MA15305 ses-202308081 with job ID 461383
2024-05-09 11:28:26,307 - Submitted sub-MA17670 ses-202309151 with job ID 461384
2024-05-09 11:28:26,455 - Submitted sub-MA21568 ses-202403191 with job ID 461385
2024-05-09 11:28:26,498 - Submitted sub-MA23827 ses-202403151 with job ID 461386
2024-05-09 11:28:26,539 - Submitted sub-MA24259 ses-202404081 with job ID 461387
2024-05-09 11:28:26,581 - Submitted sub-MA25025 ses-202403121 with job ID 461388
2024-05-09 11:28:26,627 - Submitted sub-MA25542 ses-202404061 with job ID 461389
2024-05-09 11:28:26,723 - Submitted sub-MA27467 ses-202404191 with job ID 461390
2024-05-09 11:28:26,774 - Submitted sub-MA31450 ses-202404161 with job ID 461391
2024-05-09 11:28:26,839 - Submitted sub-ME00655 ses-202402281 with job ID 461392
2024-05-09 11:28:26,881 - Submitted sub-ME00972 ses-202403041 with job ID 461393
2024-05-09 11:28:26,919 - Submitted sub-ME00972 ses-202404031 with job ID 461394
2024-05-09 11:28:26,960 - Submitted sub-ME01326 ses-202402081 with job ID 461395
2024-05-09 11:28:27,010 - Submitted sub-ME01960 ses-202404111 with job ID 461396
2024-05-09 11:28:27,055 - Submitted sub-ME03968 ses-202402161 with job ID 461397
2024-05-09 12:03:43,506 - Submitted sub-CA00152 ses-202301041 with job ID 465104
2024-05-09 12:03:43,545 - Submitted sub-CA00229 ses-202302101 with job ID 465105
2024-05-09 12:03:43,580 - Submitted sub-CA00229 ses-202302102 with job ID 465106
2024-05-09 14:35:27,183 - Submitted sub-IR00491 ses-202212191 with job ID 481245
2024-05-09 14:35:27,214 - Submitted sub-IR01762 ses-202212131 with job ID 481246
2024-05-09 14:35:27,253 - Submitted sub-IR02516 ses-202301131 with job ID 481247
2024-05-09 14:35:27,287 - Submitted sub-IR14701 ses-202404051 with job ID 481248
2024-05-09 14:35:27,326 - Submitted sub-IR15777 ses-202403201 with job ID 481249
2024-05-09 14:35:27,360 - Submitted sub-IR20881 ses-202403081 with job ID 481250
2024-05-09 14:35:27,392 - Submitted sub-IR26152 ses-202310242 with job ID 481251
2024-05-09 14:35:27,426 - Submitted sub-IR34563 ses-202404141 with job ID 481252
2024-05-09 14:35:27,459 - Submitted sub-IR37610 ses-202403121 with job ID 481253
2024-05-09 14:35:27,490 - Submitted sub-IR38608 ses-202403191 with job ID 481254
2024-05-09 14:35:27,524 - Submitted sub-JE08660 ses-202403041 with job ID 481255
2024-05-09 14:35:27,558 - Submitted sub-JE14740 ses-202403111 with job ID 481256
2024-05-09 14:35:27,590 - Submitted sub-JE23094 ses-202403251 with job ID 481257
2024-05-09 14:35:27,623 - Submitted sub-JE35473 ses-202309211 with job ID 481258
2024-05-09 14:35:27,654 - Submitted sub-JE49561 ses-202404091 with job ID 481259
2024-05-09 14:35:27,684 - Submitted sub-JE55524 ses-202403251 with job ID 481260
2024-05-09 14:35:27,717 - Submitted sub-JE56801 ses-202403071 with job ID 481261
2024-05-09 14:35:27,755 - Submitted sub-JE64290 ses-202403041 with job ID 481262
2024-05-09 14:35:27,789 - Submitted sub-JE69462 ses-202404151 with job ID 481263
2024-05-09 14:35:27,892 - Submitted sub-JE93990 ses-202403181 with job ID 481264
2024-05-09 14:35:27,927 - Submitted sub-KC06453 ses-202303221 with job ID 481265
2024-05-09 14:35:27,965 - Submitted sub-KC07974 ses-202307131 with job ID 481266
2024-05-10 09:59:04,829 - Submitted sub-KC07974 ses-202307132 with job ID 602273
2024-05-10 09:59:04,864 - Submitted sub-KC17444 ses-202309111 with job ID 602274
2024-05-10 09:59:04,897 - Submitted sub-KC31385 ses-202403151 with job ID 602275
2024-05-10 09:59:04,933 - Submitted sub-KC32012 ses-202404031 with job ID 602276
2024-05-10 09:59:04,964 - Submitted sub-KC33050 ses-202401251 with job ID 602277
2024-05-10 09:59:05,003 - Submitted sub-KC33577 ses-202403041 with job ID 602278
2024-05-10 09:59:05,039 - Submitted sub-KC34337 ses-202402121 with job ID 602279
2024-05-10 09:59:05,074 - Submitted sub-KC35414 ses-202404091 with job ID 602280
2024-05-10 09:59:05,114 - Submitted sub-LA00834 ses-202210101 with job ID 602281
2024-05-10 09:59:05,151 - Submitted sub-LA03036 ses-202211201 with job ID 602282
2024-05-10 09:59:05,189 - Submitted sub-LA07315 ses-202212161 with job ID 602283
2024-05-10 09:59:05,220 - Submitted sub-LA12291 ses-202212131 with job ID 602284
2024-05-10 09:59:05,256 - Submitted sub-LA15382 ses-202404081 with job ID 602285
2024-05-10 09:59:05,290 - Submitted sub-LA26501 ses-202402111 with job ID 602286
2024-05-10 09:59:05,325 - Submitted sub-LA49848 ses-202404081 with job ID 602287
2024-05-10 09:59:05,358 - Submitted sub-LA51083 ses-202402261 with job ID 602288
2024-05-10 09:59:05,393 - Submitted sub-LA51827 ses-202404011 with job ID 602289
2024-05-10 09:59:05,427 - Submitted sub-LS04397 ses-202402121 with job ID 602290
2024-05-10 09:59:05,462 - Submitted sub-LS09836 ses-202311011 with job ID 602291
2024-05-10 09:59:05,497 - Submitted sub-LS09836 ses-202311012 with job ID 602292
2024-05-10 09:59:05,532 - Submitted sub-LS12475 ses-202403251 with job ID 602293
2024-05-10 09:59:05,565 - Submitted sub-LS13685 ses-202310061 with job ID 602294
2024-05-10 12:23:31,411 - Submitted sub-CA13246 ses-202308231 with job ID 617521
2024-05-10 12:23:31,457 - Submitted sub-CA14206 ses-202309291 with job ID 617522
2024-05-10 12:23:31,500 - Submitted sub-CG02857 ses-202403271 with job ID 617523
2024-05-10 14:40:06,142 - Submitted sub-LS40571 ses-202403111 with job ID 631742
2024-05-13 10:24:50,102 - Submitted sub-LS44022 ses-202312131 with job ID 57731
2024-05-13 10:24:50,145 - Submitted sub-ME04651 ses-202403221 with job ID 57732
2024-05-13 10:24:50,186 - Submitted sub-ME05411 ses-202403011 with job ID 57733
2024-05-13 10:24:50,229 - Submitted sub-ME05572 ses-202403201 with job ID 57734
2024-05-13 10:24:50,260 - Submitted sub-ME05572 ses-202403211 with job ID 57735
2024-05-13 10:24:50,303 - Submitted sub-ME08768 ses-202403061 with job ID 57736
2024-05-13 10:24:50,349 - Submitted sub-ME12006 ses-202404111 with job ID 57737
2024-05-13 10:24:50,389 - Submitted sub-ME14432 ses-202303031 with job ID 57738
2024-05-13 10:24:50,486 - Submitted sub-ME14987 ses-202403151 with job ID 57739
2024-05-13 10:24:50,527 - Submitted sub-ME15925 ses-202402231 with job ID 57740
2024-05-13 10:24:50,566 - Submitted sub-ME15969 ses-202403051 with job ID 57741
2024-05-13 10:24:50,606 - Submitted sub-ME16802 ses-202404121 with job ID 57742
2024-05-13 10:24:50,647 - Submitted sub-ME17767 ses-202404121 with job ID 57743
2024-05-13 10:24:50,688 - Submitted sub-ME18416 ses-202404041 with job ID 57744
2024-05-13 10:24:50,732 - Submitted sub-ME18638 ses-202403141 with job ID 57745
2024-05-13 10:24:50,777 - Submitted sub-ME18977 ses-202403151 with job ID 57746
2024-05-13 10:24:50,818 - Submitted sub-ME19787 ses-202212061 with job ID 57747
2024-05-13 10:24:50,859 - Submitted sub-ME20978 ses-202404051 with job ID 57748
2024-05-13 10:24:50,901 - Submitted sub-ME21499 ses-202402281 with job ID 57749
2024-05-13 10:24:50,960 - Submitted sub-ME21738 ses-202402291 with job ID 57750
2024-05-13 10:24:51,000 - Submitted sub-ME22982 ses-202403191 with job ID 57751
2024-05-13 10:24:51,036 - Submitted sub-ME23603 ses-202402011 with job ID 57752
2024-05-13 13:41:16,270 - Submitted sub-ME27132 ses-202211111 with job ID 78595
2024-05-13 13:41:16,313 - Submitted sub-ME27221 ses-202403181 with job ID 78596
2024-05-13 13:41:16,356 - Submitted sub-ME30537 ses-202404161 with job ID 78597
2024-05-13 13:41:16,400 - Submitted sub-ME30860 ses-202404111 with job ID 78598
2024-05-13 13:41:16,442 - Submitted sub-ME31119 ses-202403081 with job ID 78599
2024-05-13 13:41:16,486 - Submitted sub-ME31725 ses-202402221 with job ID 78600
2024-05-13 13:41:16,533 - Submitted sub-ME32018 ses-202404161 with job ID 78601
2024-05-13 13:41:16,575 - Submitted sub-ME33745 ses-202309121 with job ID 78602
2024-05-13 13:41:16,617 - Submitted sub-ME34549 ses-202403221 with job ID 78603
2024-05-13 13:41:16,659 - Submitted sub-ME34622 ses-202403011 with job ID 78604
2024-05-13 13:41:16,701 - Submitted sub-ME34961 ses-202401181 with job ID 78605
2024-05-13 13:41:16,749 - Submitted sub-ME36531 ses-202403131 with job ID 78606
2024-05-13 13:41:16,794 - Submitted sub-ME36569 ses-202403221 with job ID 78607
2024-05-13 13:41:16,838 - Submitted sub-ME36892 ses-202403071 with job ID 78608
2024-05-13 13:41:16,885 - Submitted sub-ME37430 ses-202401301 with job ID 78609
2024-05-13 13:41:16,931 - Submitted sub-ME37446 ses-202403251 with job ID 78611
2024-05-13 13:41:16,974 - Submitted sub-ME37529 ses-202402021 with job ID 78612
2024-05-13 13:41:17,025 - Submitted sub-ME38101 ses-202404041 with job ID 78613
2024-05-13 13:41:17,068 - Submitted sub-ME38262 ses-202403201 with job ID 78614
2024-05-13 13:41:17,108 - Submitted sub-ME38484 ses-202403211 with job ID 78615
2024-05-13 13:41:17,150 - Submitted sub-ME40180 ses-202403121 with job ID 78616
2024-05-13 13:41:17,195 - Submitted sub-ME40752 ses-202404151 with job ID 78617
2024-05-14 09:39:10,603 - Submitted sub-ME41045 ses-202311031 with job ID 205322
2024-05-14 09:39:10,650 - Submitted sub-ME41273 ses-202401051 with job ID 205323
2024-05-14 09:39:10,694 - Submitted sub-ME41734 ses-202403141 with job ID 205324
2024-05-14 09:39:10,795 - Submitted sub-ME42766 ses-202310051 with job ID 205325
2024-05-14 09:39:10,839 - Submitted sub-ME42794 ses-202401091 with job ID 205326
2024-05-14 09:39:10,976 - Submitted sub-ME43360 ses-202403121 with job ID 205327
2024-05-14 09:39:11,016 - Submitted sub-ME44681 ses-202403221 with job ID 205328
2024-05-14 09:39:11,057 - Submitted sub-ME44786 ses-202403071 with job ID 205329
2024-05-14 09:39:11,096 - Submitted sub-ME45368 ses-202404181 with job ID 205330
2024-05-14 09:39:11,137 - Submitted sub-ME45530 ses-202310131 with job ID 205331
2024-05-14 09:39:11,178 - Submitted sub-ME46506 ses-202310131 with job ID 205332
2024-05-14 09:39:11,217 - Submitted sub-ME46639 ses-202402291 with job ID 205333
2024-05-14 09:39:11,257 - Submitted sub-ME46984 ses-202310061 with job ID 205334
2024-05-14 09:39:11,295 - Submitted sub-ME48643 ses-202211251 with job ID 205335
2024-05-14 09:39:11,334 - Submitted sub-ME49475 ses-202403061 with job ID 205336
2024-05-14 09:39:11,374 - Submitted sub-ME50444 ses-202403191 with job ID 205337
2024-05-14 09:39:11,416 - Submitted sub-ME51787 ses-202403061 with job ID 205338
2024-05-14 09:39:11,460 - Submitted sub-ME52270 ses-202403271 with job ID 205339
2024-05-14 09:39:11,497 - Submitted sub-ME53735 ses-202403151 with job ID 205340
2024-05-14 09:39:11,538 - Submitted sub-ME53985 ses-202301311 with job ID 205341
2024-05-14 09:39:11,603 - Submitted sub-ME55777 ses-202403071 with job ID 205342
2024-05-14 09:39:11,644 - Submitted sub-ME56248 ses-202403281 with job ID 205343
2024-05-15 10:50:34,420 - Submitted sub-ME56454 ses-202209201 with job ID 366663
2024-05-15 10:50:34,470 - Submitted sub-ME57753 ses-202404091 with job ID 366664
2024-05-15 10:50:34,511 - Submitted sub-ME57886 ses-202403261 with job ID 366665
2024-05-15 10:50:34,977 - Submitted sub-ME57947 ses-202404051 with job ID 366666
2024-05-15 10:50:35,023 - Submitted sub-ME63950 ses-202404151 with job ID 366667
2024-05-15 10:50:35,065 - Submitted sub-ME65542 ses-202403261 with job ID 366668
2024-05-15 10:50:35,139 - Submitted sub-ME65714 ses-202311101 with job ID 366669
2024-05-15 10:50:35,179 - Submitted sub-ME66524 ses-202404181 with job ID 366670
2024-05-15 10:50:35,218 - Submitted sub-ME66635 ses-202404101 with job ID 366671
2024-05-15 10:50:35,256 - Submitted sub-ME66730 ses-202403151 with job ID 366672
2024-05-15 10:50:35,296 - Submitted sub-ME67178 ses-202404121 with job ID 366673
2024-05-15 10:50:35,341 - Submitted sub-ME67289 ses-202403191 with job ID 366674
2024-05-15 10:50:35,387 - Submitted sub-ME67390 ses-202402291 with job ID 366675
2024-05-15 10:50:35,426 - Submitted sub-ME68033 ses-202402161 with job ID 366676
2024-05-15 10:50:35,468 - Submitted sub-ME68194 ses-202403121 with job ID 366677
2024-05-15 10:50:35,511 - Submitted sub-ME68883 ses-202403011 with job ID 366678
2024-05-15 10:50:35,551 - Submitted sub-ME70006 ses-202403081 with job ID 366679
2024-05-15 10:50:35,597 - Submitted sub-ME73814 ses-202211041 with job ID 366680
2024-05-15 10:50:35,637 - Submitted sub-ME74335 ses-202404101 with job ID 366681
2024-05-15 10:50:35,676 - Submitted sub-ME75773 ses-202402281 with job ID 366682
2024-05-15 10:50:35,719 - Submitted sub-ME76783 ses-202402151 with job ID 366683
2024-05-15 10:50:35,766 - Submitted sub-ME78197 ses-202404191 with job ID 366684
2024-05-16 09:46:05,897 - Submitted sub-ME78658 ses-202401181 with job ID 516198
2024-05-16 09:46:05,950 - Submitted sub-ME78864 ses-202403221 with job ID 516199
2024-05-16 09:46:05,993 - Submitted sub-ME79624 ses-202311101 with job ID 516200
2024-05-16 09:46:06,041 - Submitted sub-ME81364 ses-202404091 with job ID 516201
2024-05-16 09:46:06,085 - Submitted sub-ME81958 ses-202403181 with job ID 516202
2024-05-16 09:46:06,128 - Submitted sub-ME84827 ses-202403121 with job ID 516203
2024-05-16 09:46:06,168 - Submitted sub-ME84938 ses-202403261 with job ID 516204
2024-05-16 09:46:06,209 - Submitted sub-ME85176 ses-202404101 with job ID 516205
2024-05-16 09:46:06,310 - Submitted sub-ME85415 ses-202403151 with job ID 516206
2024-05-16 09:46:06,353 - Submitted sub-ME85671 ses-202403261 with job ID 516207
2024-05-16 09:46:06,400 - Submitted sub-ME86586 ses-202309081 with job ID 516208
2024-05-16 09:46:06,442 - Submitted sub-ME86586 ses-202312081 with job ID 516209
2024-05-16 09:46:06,484 - Submitted sub-ME87774 ses-202404081 with job ID 516210
2024-05-16 09:46:06,525 - Submitted sub-ME89011 ses-202403131 with job ID 516211
2024-05-16 09:46:06,565 - Submitted sub-ME90480 ses-202403201 with job ID 516212
2024-05-16 09:46:06,614 - Submitted sub-ME90618 ses-202403201 with job ID 516213
2024-05-16 09:46:06,656 - Submitted sub-ME90802 ses-202402021 with job ID 516214
2024-05-16 09:46:06,700 - Submitted sub-ME93565 ses-202301061 with job ID 516215
2024-05-16 09:46:06,743 - Submitted sub-ME93848 ses-202401241 with job ID 516216
2024-05-16 09:46:06,783 - Submitted sub-ME93848 ses-202404081 with job ID 516217
2024-05-16 09:46:06,826 - Submitted sub-ME95618 ses-202403051 with job ID 516218
2024-05-16 09:46:06,872 - Submitted sub-ME97288 ses-202403011 with job ID 516219
2024-05-17 08:31:47,649 - Submitted sub-ME97666 ses-202210141 with job ID 664704
2024-05-17 08:31:47,690 - Submitted sub-ME97666 ses-202212161 with job ID 664705
2024-05-17 08:31:47,736 - Submitted sub-ME97727 ses-202403011 with job ID 664706
2024-05-17 08:31:47,786 - Submitted sub-ME97749 ses-202404101 with job ID 664707
2024-05-17 08:31:47,835 - Submitted sub-ME98632 ses-202404161 with job ID 664708
2024-05-17 08:31:47,884 - Submitted sub-ME99292 ses-202403271 with job ID 664709
2024-05-17 08:31:48,152 - Submitted sub-MT25112 ses-202311281 with job ID 664710
2024-05-17 08:31:48,200 - Submitted sub-MU03865 ses-202309011 with job ID 664711
2024-05-17 08:31:48,242 - Submitted sub-MU07033 ses-202310231 with job ID 664712
2024-05-17 08:31:48,290 - Submitted sub-MU07483 ses-202310161 with job ID 664714
2024-05-17 08:31:48,338 - Submitted sub-NC00474 ses-202210171 with job ID 664715
2024-05-17 08:31:48,378 - Submitted sub-NC02111 ses-202211082 with job ID 664716
2024-05-17 08:31:48,419 - Submitted sub-NC03026 ses-202209161 with job ID 664717
2024-05-17 08:31:48,460 - Submitted sub-NC03026 ses-202211162 with job ID 664718
2024-05-17 08:31:48,503 - Submitted sub-NC03204 ses-202212131 with job ID 664719
2024-05-17 08:31:48,546 - Submitted sub-NC11776 ses-202301241 with job ID 664720
2024-05-17 08:31:48,594 - Submitted sub-NC18063 ses-202308151 with job ID 664721
2024-05-17 08:31:48,638 - Submitted sub-NC21296 ses-202401261 with job ID 664722
2024-05-17 08:31:48,683 - Submitted sub-NC21913 ses-202309221 with job ID 664723
2024-05-17 08:31:48,731 - Submitted sub-NC23705 ses-202402051 with job ID 664724
2024-05-17 08:31:48,776 - Submitted sub-NC23983 ses-202309181 with job ID 664725
2024-05-17 08:31:48,815 - Submitted sub-NC23983 ses-202401181 with job ID 664726
2024-05-20 11:28:04,212 - Submitted sub-NC32209 ses-202404101 with job ID 157724
2024-05-20 11:28:04,304 - Submitted sub-NC34635 ses-202403081 with job ID 157725
2024-05-20 11:28:04,390 - Submitted sub-NC36394 ses-202402221 with job ID 157726
2024-05-20 11:28:04,495 - Submitted sub-NC36722 ses-202403151 with job ID 157727
2024-05-20 11:28:04,690 - Submitted sub-NC36966 ses-202404041 with job ID 157728
2024-05-20 11:28:05,660 - Submitted sub-NL00927 ses-202210051 with job ID 157730
2024-05-20 11:28:05,754 - Submitted sub-NL14271 ses-202312131 with job ID 157735
2024-05-20 11:28:05,865 - Submitted sub-NL18544 ses-202401091 with job ID 157736
2024-05-20 11:28:06,028 - Submitted sub-NN01303 ses-202302161 with job ID 157737
2024-05-20 11:28:06,131 - Submitted sub-NN19992 ses-202403151 with job ID 157738
2024-05-20 11:28:06,218 - Submitted sub-NN22014 ses-202403291 with job ID 157739
2024-05-20 11:28:06,305 - Submitted sub-NN23363 ses-202402161 with job ID 157740
2024-05-20 11:28:06,403 - Submitted sub-NN24751 ses-202403191 with job ID 157741
2024-05-20 11:28:06,500 - Submitted sub-NN25072 ses-202404091 with job ID 157742
2024-05-20 11:28:06,583 - Submitted sub-OH07512 ses-202403061 with job ID 157743
2024-05-20 11:28:06,664 - Submitted sub-OR01380 ses-202211291 with job ID 157744
2024-05-20 11:28:06,752 - Submitted sub-OR02023 ses-202212131 with job ID 157745
2024-05-20 11:28:06,842 - Submitted sub-OR04160 ses-202403071 with job ID 157747
2024-05-20 11:28:06,960 - Submitted sub-OR05386 ses-202403271 with job ID 157748
2024-05-20 11:28:07,062 - Submitted sub-OR05419 ses-202403261 with job ID 157789
2024-05-20 11:28:07,157 - Submitted sub-OR07801 ses-202403261 with job ID 157790
2024-05-20 11:28:07,254 - Submitted sub-OR19696 ses-202403191 with job ID 157791
2024-05-21 12:04:05,191 - Submitted sub-OR21186 ses-202402291 with job ID 321170
2024-05-21 12:04:05,237 - Submitted sub-OR21225 ses-202403041 with job ID 321171
2024-05-21 12:04:05,271 - Submitted sub-OR22118 ses-202404101 with job ID 321172
2024-05-21 12:04:05,306 - Submitted sub-PA00705 ses-202209201 with job ID 321173
2024-05-21 12:04:05,345 - Submitted sub-PA00705 ses-202211231 with job ID 321174
2024-05-21 12:04:05,388 - Submitted sub-PA01260 ses-202301181 with job ID 321175
2024-05-21 12:04:05,425 - Submitted sub-PA01787 ses-202211281 with job ID 321176
2024-05-21 12:04:05,468 - Submitted sub-PA01909 ses-202211211 with job ID 321177
2024-05-21 12:04:05,511 - Submitted sub-PA09751 ses-202402221 with job ID 321178
2024-05-21 12:04:05,555 - Submitted sub-PA15669 ses-202403181 with job ID 321179
2024-05-21 12:04:05,596 - Submitted sub-PA15764 ses-202403261 with job ID 321180
2024-05-21 12:04:05,642 - Submitted sub-PA16491 ses-202310301 with job ID 321181
2024-05-21 12:04:05,681 - Submitted sub-PA17984 ses-202404011 with job ID 321182
2024-05-21 12:04:06,360 - Submitted sub-PA18811 ses-202311071 with job ID 321184
2024-05-21 12:04:06,406 - Submitted sub-PA20173 ses-202403191 with job ID 321185
2024-05-21 12:04:06,443 - Submitted sub-PA21438 ses-202403151 with job ID 321186
2024-05-21 12:04:06,483 - Submitted sub-PA25440 ses-202403081 with job ID 321187
2024-05-21 12:04:06,520 - Submitted sub-PA25478 ses-202402281 with job ID 321188
2024-05-21 12:04:06,560 - Submitted sub-PA26311 ses-202404021 with job ID 321189
2024-05-21 12:04:06,602 - Submitted sub-PA29480 ses-202404101 with job ID 321190
2024-05-21 12:04:06,643 - Submitted sub-PA29652 ses-202404041 with job ID 321191
2024-05-21 12:04:07,110 - Submitted sub-PA30643 ses-202403041 with job ID 321192
2024-05-22 14:09:42,383 - Submitted sub-PA31481 ses-202403201 with job ID 498610
2024-05-22 14:09:42,433 - Submitted sub-PA33562 ses-202403131 with job ID 498611
2024-05-22 14:09:42,481 - Submitted sub-PI01155 ses-202208311 with job ID 498613
2024-05-22 14:09:43,419 - Submitted sub-PI02832 ses-202209241 with job ID 498616
2024-05-22 14:09:43,460 - Submitted sub-PI02832 ses-202211221 with job ID 498617
2024-05-24 13:57:46,672 - Submitted sub-PI08131 ses-202209221 with job ID 825903
2024-05-24 13:57:46,710 - Submitted sub-PI08131 ses-202211171 with job ID 825904
2024-05-24 13:57:46,748 - Submitted sub-PI08981 ses-202301101 with job ID 825905
2024-05-24 13:57:46,791 - Submitted sub-PI29503 ses-202402141 with job ID 825906
2024-05-24 13:57:46,831 - Submitted sub-PI32542 ses-202402131 with job ID 825909
2024-05-28 11:35:40,108 - Submitted sub-PV01367 ses-202402261 with job ID 471427
2024-05-28 11:35:40,154 - Submitted sub-PV09525 ses-202308281 with job ID 471428
2024-05-28 11:35:40,198 - Submitted sub-PV18146 ses-202403271 with job ID 471429
2024-05-28 11:35:40,243 - Submitted sub-PV21030 ses-202403081 with job ID 471430
2024-05-28 11:35:40,280 - Submitted sub-PV21274 ses-202403251 with job ID 471431
2024-05-28 11:35:40,318 - Submitted sub-PV25103 ses-202403261 with job ID 471432
2024-05-28 11:35:40,359 - Submitted sub-PV27939 ses-202404081 with job ID 471433
2024-05-28 11:35:40,396 - Submitted sub-PV31372 ses-202403181 with job ID 471434
2024-05-28 11:35:40,438 - Submitted sub-PV31855 ses-202404081 with job ID 471435
2024-05-28 11:35:40,477 - Submitted sub-PV32782 ses-202403181 with job ID 471436
2024-05-28 11:35:40,517 - Submitted sub-PV34079 ses-202404081 with job ID 471437
2024-05-28 11:35:40,562 - Submitted sub-PV34730 ses-202403041 with job ID 471438
2024-05-29 10:02:47,022 - Submitted sub-PV35673 ses-202402261 with job ID 629032
2024-05-29 10:02:47,399 - Submitted sub-PV37487 ses-202402121 with job ID 629033
2024-05-29 10:02:47,613 - Submitted sub-SF06718 ses-202401291 with job ID 629034
2024-05-29 10:02:47,656 - Submitted sub-SF08099 ses-202401291 with job ID 629035
2024-05-29 10:02:47,714 - Submitted sub-SF08099 ses-202404011 with job ID 629036
2024-05-29 10:02:47,757 - Submitted sub-SF10462 ses-202301131 with job ID 629037
2024-05-29 10:02:48,506 - Submitted sub-SF21019 ses-202312141 with job ID 629038
2024-05-29 10:02:48,550 - Submitted sub-SF29950 ses-202401041 with job ID 629039
2024-05-29 10:02:48,590 - Submitted sub-SF32149 ses-202401301 with job ID 629040
2024-05-29 10:02:48,675 - Submitted sub-SF32511 ses-202402041 with job ID 629041
2024-05-29 10:02:48,715 - Submitted sub-SF32511 ses-202404191 with job ID 629042
2024-05-29 10:02:48,755 - Submitted sub-SF34036 ses-202402101 with job ID 629043
2024-05-29 10:02:48,798 - Submitted sub-SF35068 ses-202402021 with job ID 629044
2024-05-29 10:02:48,835 - Submitted sub-SF35391 ses-202402121 with job ID 629045
2024-05-29 10:02:48,869 - Submitted sub-SF35391 ses-202404111 with job ID 629046
2024-05-29 10:02:48,906 - Submitted sub-SF35868 ses-202404161 with job ID 629047
2024-05-29 10:02:48,943 - Submitted sub-SF37238 ses-202402091 with job ID 629048
2024-05-30 11:28:34,174 - Submitted sub-SF38987 ses-202404031 with job ID 808841
2024-05-30 11:28:36,157 - Submitted sub-SF41376 ses-202403181 with job ID 808842
2024-05-30 11:28:36,198 - Submitted sub-SF43035 ses-202403141 with job ID 808844
2024-05-30 11:28:36,277 - Submitted sub-SG11624 ses-202404051 with job ID 808845
2024-05-30 11:28:36,325 - Submitted sub-SG16246 ses-202403081 with job ID 808846
2024-05-30 11:28:36,367 - Submitted sub-SG21188 ses-202404111 with job ID 808847
2024-05-30 11:28:36,405 - Submitted sub-SG21611 ses-202404121 with job ID 808848
2024-05-30 11:28:36,450 - Submitted sub-SG23081 ses-202403151 with job ID 808849
2024-05-30 11:28:36,492 - Submitted sub-SG35204 ses-202404041 with job ID 808850
2024-05-30 11:28:36,535 - Submitted sub-SG44653 ses-202404181 with job ID 808851
2024-05-30 11:28:36,580 - Submitted sub-SG73397 ses-202403141 with job ID 808852
2024-05-30 11:28:36,624 - Submitted sub-SG83734 ses-202404191 with job ID 808853
2024-05-30 11:28:36,668 - Submitted sub-SI18937 ses-202401081 with job ID 808854
2024-05-30 11:28:36,710 - Submitted sub-SI24578 ses-202310271 with job ID 808855
2024-05-30 11:28:36,751 - Submitted sub-SI25877 ses-202403061 with job ID 808856
2024-05-30 11:28:36,799 - Submitted sub-SI30286 ses-202403131 with job ID 808857
2024-05-30 11:28:36,838 - Submitted sub-SI34898 ses-202403111 with job ID 808858
2024-05-31 13:23:27,612 - Submitted sub-SI34971 ses-202404121 with job ID 993790
2024-05-31 13:23:27,659 - Submitted sub-SI38294 ses-202403181 with job ID 993791
2024-05-31 13:23:27,752 - Submitted sub-SL04334 ses-202310131 with job ID 993792
2024-05-31 13:23:27,830 - Submitted sub-SL05011 ses-202310131 with job ID 993793
2024-05-31 13:23:27,873 - Submitted sub-SL06021 ses-202311241 with job ID 993794
2024-05-31 13:23:27,915 - Submitted sub-SL09239 ses-202402161 with job ID 993795
2024-05-31 13:23:27,983 - Submitted sub-ST26401 ses-202404031 with job ID 993796
2024-05-31 13:23:28,163 - Submitted sub-ST26451 ses-202403131 with job ID 993797
2024-05-31 13:23:28,205 - Submitted sub-ST32008 ses-202403201 with job ID 993798
2024-05-31 13:23:28,237 - Submitted sub-ST62974 ses-202403271 with job ID 993799
2024-05-31 13:23:28,275 - Submitted sub-ST79636 ses-202404101 with job ID 993800
2024-05-31 13:23:28,361 - Submitted sub-ST84039 ses-202403131 with job ID 993801
2024-05-31 13:23:28,461 - Submitted sub-TE04070 ses-202212081 with job ID 993802
2024-05-31 13:23:28,502 - Submitted sub-TE10683 ses-202404101 with job ID 993803
2024-05-31 13:23:28,545 - Submitted sub-TE12392 ses-202404051 with job ID 993804
2024-05-31 13:23:28,598 - Submitted sub-TE16871 ses-202402231 with job ID 993805
2024-05-31 13:23:28,638 - Submitted sub-TE21002 ses-202311071 with job ID 993806
2024-06-03 10:47:06,891 - Submitted sub-TE22317 ses-202309291 with job ID 493542
2024-06-03 10:47:06,935 - Submitted sub-TE23038 ses-202402121 with job ID 493543
2024-06-03 10:47:06,970 - Submitted sub-TE27717 ses-202403211 with job ID 493544
2024-06-03 10:47:07,013 - Submitted sub-TE27856 ses-202403261 with job ID 493545
2024-06-03 10:47:07,052 - Submitted sub-TE29159 ses-202303201 with job ID 493546
2024-06-03 10:47:07,078 - Submitted sub-TE29159 ses-202403201 with job ID 493547
2024-06-03 10:47:07,111 - Submitted sub-TE33669 ses-202403131 with job ID 493548
2024-06-03 10:47:07,156 - Submitted sub-TE37837 ses-202403211 with job ID 493549
2024-06-03 10:47:07,201 - Submitted sub-UR01431 ses-202402141 with job ID 493550
2024-06-03 10:47:07,238 - Submitted sub-UR04150 ses-202403051 with job ID 493551
2024-06-03 10:47:07,280 - Submitted sub-WU06845 ses-202403071 with job ID 493552
2024-06-03 10:47:07,317 - Submitted sub-WU06851 ses-202210181 with job ID 493553
2024-06-03 10:47:07,358 - Submitted sub-WU06851 ses-202212191 with job ID 493554
2024-06-03 10:47:07,405 - Submitted sub-WU08865 ses-202212201 with job ID 493555
2024-06-03 10:47:07,445 - Submitted sub-WU09592 ses-202212131 with job ID 493556
2024-06-03 10:47:07,480 - Submitted sub-WU12325 ses-202404051 with job ID 493557
2024-06-03 10:47:07,514 - Submitted sub-WU14773 ses-202311011 with job ID 493558
2024-06-04 12:50:34,708 - Submitted sub-WU16193 ses-202403201 with job ID 683245
2024-06-04 12:50:34,756 - Submitted sub-WU20875 ses-202403191 with job ID 683246
2024-06-04 12:50:34,797 - Submitted sub-WU24843 ses-202402191 with job ID 683247
2024-06-04 12:50:34,836 - Submitted sub-WU27051 ses-202403251 with job ID 683248
2024-06-04 12:50:34,880 - Submitted sub-WU29998 ses-202402211 with job ID 683249
2024-06-04 12:51:33,825 - Submitted sub-WU32565 ses-202403201 with job ID 683371
2024-06-04 12:51:33,867 - Submitted sub-WU36022 ses-202403081 with job ID 683372
2024-06-04 12:51:33,907 - Submitted sub-WU38325 ses-202404031 with job ID 683373
2024-06-04 12:51:33,947 - Submitted sub-WU45748 ses-202403071 with job ID 683374
2024-06-04 12:51:33,989 - Submitted sub-WU48378 ses-202403281 with job ID 683375
2024-06-04 12:51:34,024 - Submitted sub-WU48378 ses-202404101 with job ID 683376
2024-06-04 12:51:34,070 - Submitted sub-WU51367 ses-202404171 with job ID 683377
2024-06-04 12:51:34,111 - Submitted sub-YA00926 ses-202211031 with job ID 683378
2024-06-04 12:51:34,155 - Submitted sub-YA01508 ses-202206231 with job ID 683379
2024-06-04 12:51:34,193 - Submitted sub-YA01508 ses-202208261 with job ID 683380
2024-06-04 12:51:34,239 - Submitted sub-YA03473 ses-202209011 with job ID 683381
2024-06-04 12:51:34,280 - Submitted sub-YA11501 ses-202404171 with job ID 683382
2024-06-04 12:51:34,322 - Submitted sub-YA19286 ses-202404021 with job ID 683383
2024-06-04 12:51:34,368 - Submitted sub-YA20449 ses-202307051 with job ID 683384
2024-06-04 12:51:34,409 - Submitted sub-YA20449 ses-202309221 with job ID 683385
2024-06-05 10:20:04,288 - Submitted sub-YA20566 ses-202404181 with job ID 840028
2024-06-05 10:20:04,330 - Submitted sub-YA22164 ses-202402011 with job ID 840029
2024-06-05 10:20:04,365 - Submitted sub-YA22164 ses-202402061 with job ID 840030
2024-06-05 10:20:04,398 - Submitted sub-YA23168 ses-202310261 with job ID 840031
2024-06-05 10:20:04,436 - Submitted sub-YA24706 ses-202403271 with job ID 840032
2024-06-05 10:20:04,478 - Submitted sub-YA25405 ses-202402261 with job ID 840033
2024-06-05 10:20:04,513 - Submitted sub-YA25405 ses-202402271 with job ID 840034
2024-06-05 10:20:04,550 - Submitted sub-YA28013 ses-202402281 with job ID 840035
2024-06-05 10:20:04,740 - Submitted sub-YA29906 ses-202312211 with job ID 840036
2024-06-05 10:20:04,772 - Submitted sub-YA30258 ses-202403221 with job ID 840037
2024-06-05 10:20:04,809 - Submitted sub-YA40928 ses-202403051 with job ID 840038
2024-06-05 10:20:04,839 - Submitted sub-YA40928 ses-202403061 with job ID 840039
2024-06-05 10:20:04,871 - Submitted sub-YA41744 ses-202402211 with job ID 840040
2024-06-05 10:20:04,907 - Submitted sub-YA46738 ses-202403051 with job ID 840041
2024-06-05 10:20:04,948 - Submitted sub-YA48320 ses-202402271 with job ID 840042
2024-06-05 10:20:04,989 - Submitted sub-YA48831 ses-202403211 with job ID 840043
2024-06-05 10:20:05,022 - Submitted sub-YA52002 ses-202403191 with job ID 840044
2024-06-05 10:20:05,064 - Submitted sub-YA52218 ses-202403221 with job ID 840045
2024-06-05 10:20:05,107 - Submitted sub-YA52824 ses-202404031 with job ID 840046
2024-06-05 10:20:05,139 - Submitted sub-YA52868 ses-202404051 with job ID 840047
2024-06-05 10:20:05,187 - Submitted sub-YA53789 ses-202404091 with job ID 840048
2024-06-05 10:20:05,222 - Submitted sub-YA57741 ses-202404091 with job ID 840049
2024-06-06 14:30:25,873 - Submitted sub-BI05529 ses-202401181 with job ID 48224
2024-06-06 14:30:25,913 - Submitted sub-BI09953 ses-202403071 with job ID 48225
2024-06-06 14:30:25,954 - Submitted sub-BI18702 ses-202403081 with job ID 48226
2024-06-06 14:30:26,003 - Submitted sub-BI21707 ses-202402231 with job ID 48227
2024-06-06 14:30:26,043 - Submitted sub-BI33025 ses-202404021 with job ID 48228
2024-06-06 14:30:26,089 - Submitted sub-BM13061 ses-202401091 with job ID 48229
2024-06-06 14:30:26,129 - Submitted sub-BM13227 ses-202402261 with job ID 48230
2024-06-06 14:30:26,170 - Submitted sub-CA12220 ses-202308181 with job ID 48231
2024-06-06 14:30:26,208 - Submitted sub-CG02857 ses-202312131 with job ID 48232
2024-06-06 14:30:26,244 - Submitted sub-CG20994 ses-202401041 with job ID 48233
2024-06-06 14:30:26,281 - Submitted sub-CG20994 ses-202404101 with job ID 48234
2024-06-06 14:30:26,324 - Submitted sub-CG37739 ses-202311201 with job ID 48235
2024-06-06 14:30:26,420 - Submitted sub-CG37739 ses-202402061 with job ID 48237
2024-06-06 14:30:26,461 - Submitted sub-CG53773 ses-202403261 with job ID 48238
2024-06-06 14:30:26,498 - Submitted sub-CG56125 ses-202401221 with job ID 48239
2024-06-06 14:30:26,539 - Submitted sub-WU01590 ses-202209201 with job ID 48240
2024-06-06 14:30:26,575 - Submitted sub-WU04342 ses-202210101 with job ID 48241
2024-06-06 14:30:26,613 - Submitted sub-WU04342 ses-202212191 with job ID 48242
2024-06-06 14:30:26,654 - Submitted sub-YA04611 ses-202209291 with job ID 48243
2024-06-06 14:30:26,694 - Submitted sub-YA08362 ses-202210131 with job ID 48244
2024-06-10 09:07:43,170 - Submitted sub-BI05529 ses-202401181 with job ID 725762
2024-06-10 09:07:43,215 - Submitted sub-CA00152 ses-202301041 with job ID 725763
2024-06-10 09:07:43,251 - Submitted sub-CA00229 ses-202302101 with job ID 725764
2024-06-10 09:07:43,290 - Submitted sub-CA00229 ses-202302102 with job ID 725765
2024-06-10 09:07:43,325 - Submitted sub-CA13246 ses-202308231 with job ID 725766
2024-06-10 09:07:43,356 - Submitted sub-CA14206 ses-202309291 with job ID 725767
2024-06-10 09:07:43,393 - Submitted sub-CG02857 ses-202403271 with job ID 725768
2024-06-10 09:07:43,425 - Submitted sub-CG56903 ses-202404031 with job ID 725769
2024-06-10 09:07:43,457 - Submitted sub-CG64142 ses-202401301 with job ID 725770
2024-06-10 09:07:43,496 - Submitted sub-CG64142 ses-202311071 with job ID 725771
2024-06-10 09:07:43,536 - Submitted sub-CG82334 ses-202312051 with job ID 725772
2024-06-10 09:07:43,572 - Submitted sub-CG85336 ses-202311211 with job ID 725773
2024-06-10 09:07:43,602 - Submitted sub-CG85336 ses-202311221 with job ID 725774
2024-06-10 09:07:43,630 - Submitted sub-CM04902 ses-202310041 with job ID 725775
2024-06-10 09:07:43,668 - Submitted sub-CM08170 ses-202402201 with job ID 725776
2024-06-10 09:07:43,703 - Submitted sub-CM11703 ses-202403271 with job ID 725777
2024-06-10 09:07:43,736 - Submitted sub-CM11781 ses-202310101 with job ID 725778
2024-06-10 09:07:43,771 - Submitted sub-CM14305 ses-202402291 with job ID 725779
2024-06-10 09:07:43,808 - Submitted sub-CP08326 ses-202402161 with job ID 725780
2024-06-10 09:07:43,844 - Submitted sub-CP65350 ses-202422021 with job ID 725781
2024-06-11 07:53:17,359 - Submitted sub-BI05529 ses-202401181 with job ID 896729
2024-06-11 07:53:17,397 - Submitted sub-CA00152 ses-202301041 with job ID 896730
2024-06-11 07:53:17,433 - Submitted sub-CA00229 ses-202302101 with job ID 896731
2024-06-11 07:53:17,465 - Submitted sub-CA00229 ses-202302102 with job ID 896732
2024-06-11 07:53:17,498 - Submitted sub-CA13246 ses-202308231 with job ID 896733
2024-06-11 07:53:17,534 - Submitted sub-CA14206 ses-202309291 with job ID 896734
2024-06-11 07:53:17,564 - Submitted sub-CG02857 ses-202403271 with job ID 896735
2024-06-11 07:53:17,597 - Submitted sub-CG56903 ses-202404031 with job ID 896736
2024-06-11 07:53:17,630 - Submitted sub-CG64142 ses-202401301 with job ID 896737
2024-06-11 07:53:17,661 - Submitted sub-CG64142 ses-202311071 with job ID 896738
2024-06-11 07:53:17,694 - Submitted sub-CG82334 ses-202312051 with job ID 896739
2024-06-11 07:53:17,725 - Submitted sub-CG85336 ses-202311211 with job ID 896740
2024-06-11 07:53:17,758 - Submitted sub-CG85336 ses-202311221 with job ID 896741
2024-06-11 07:53:17,789 - Submitted sub-CM04902 ses-202310041 with job ID 896742
2024-06-11 07:53:17,819 - Submitted sub-CM08170 ses-202402201 with job ID 896743
2024-06-11 07:53:17,852 - Submitted sub-CM11703 ses-202403271 with job ID 896744
2024-06-11 07:53:17,888 - Submitted sub-CM11781 ses-202310101 with job ID 896745
2024-06-11 07:53:17,921 - Submitted sub-CM14305 ses-202402291 with job ID 896746
2024-06-11 07:53:17,963 - Submitted sub-CP08326 ses-202402161 with job ID 896747
2024-06-11 07:53:17,993 - Submitted sub-CP65350 ses-202422021 with job ID 896748
2024-06-12 11:51:55,048 - Submitted sub-CP87798 ses-202312141 with job ID 111358
2024-06-12 11:51:55,089 - Submitted sub-CP90121 ses-202308111 with job ID 111359
2024-06-12 11:51:55,130 - Submitted sub-GA03708 ses-202311291 with job ID 111360
2024-06-12 11:51:55,167 - Submitted sub-GA10048 ses-202404031 with job ID 111361
2024-06-12 11:51:55,207 - Submitted sub-GA11470 ses-202404041 with job ID 111362
2024-06-12 11:51:55,242 - Submitted sub-GA11470 ses-202403271 with job ID 111363
2024-06-12 11:51:55,312 - Submitted sub-GA25657 ses-202401121 with job ID 111364
2024-06-12 11:51:55,355 - Submitted sub-GA36226 ses-202404101 with job ID 111365
2024-06-12 11:51:55,397 - Submitted sub-GA41374 ses-202404031 with job ID 111366
2024-06-12 11:51:55,468 - Submitted sub-GW03229 ses-202403221 with job ID 111367
2024-06-12 11:51:55,505 - Submitted sub-GW26388 ses-202402231 with job ID 111368
2024-06-12 11:51:55,541 - Submitted sub-GW48576 ses-202403221 with job ID 111369
2024-06-12 11:51:55,637 - Submitted sub-HA04486 ses-202312081 with job ID 111370
2024-06-12 11:51:55,669 - Submitted sub-HA16948 ses-202310311 with job ID 111371
2024-06-12 11:51:55,706 - Submitted sub-HK09975 ses-202403211 with job ID 111372
2024-06-12 11:51:55,744 - Submitted sub-HK14940 ses-202404121 with job ID 111373
2024-06-12 11:51:55,788 - Submitted sub-HK20103 ses-202402191 with job ID 111374
2024-06-12 11:51:55,828 - Submitted sub-HK21024 ses-202404161 with job ID 111375
2024-06-12 11:51:55,868 - Submitted sub-HK23561 ses-202403121 with job ID 111376
2024-06-12 11:51:55,918 - Submitted sub-HK36572 ses-202404171 with job ID 111377
2024-06-17 13:39:59,039 - Submitted sub-HK44800 ses-202403251 with job ID 61792
2024-06-17 13:39:59,082 - Submitted sub-HK49561 ses-202403111 with job ID 61793
2024-06-17 13:39:59,121 - Submitted sub-HK55429 ses-202403141 with job ID 61794
2024-06-17 13:39:59,159 - Submitted sub-HK59803 ses-202401241 with job ID 61795
2024-06-17 13:39:59,196 - Submitted sub-HK63335 ses-202403281 with job ID 61796
2024-06-17 13:39:59,243 - Submitted sub-HK67064 ses-202312201 with job ID 61797
2024-06-17 13:39:59,291 - Submitted sub-HK71168 ses-202312211 with job ID 61798
2024-06-17 13:39:59,329 - Submitted sub-HK81844 ses-202404111 with job ID 61799
2024-06-17 13:39:59,368 - Submitted sub-IR00491 ses-202212191 with job ID 61800
2024-06-17 13:39:59,402 - Submitted sub-IR00491 ses-202210171 with job ID 61801
2024-06-17 13:39:59,439 - Submitted sub-IR01762 ses-202212131 with job ID 61802
2024-06-17 13:39:59,478 - Submitted sub-IR02516 ses-202301131 with job ID 61803
2024-06-17 13:39:59,516 - Submitted sub-IR15777 ses-202403201 with job ID 61804
2024-06-17 13:39:59,559 - Submitted sub-IR20881 ses-202403081 with job ID 61805
2024-06-17 13:39:59,596 - Submitted sub-IR26152 ses-202310242 with job ID 61806
2024-06-17 13:39:59,635 - Submitted sub-IR34563 ses-202404141 with job ID 61807
2024-06-17 13:39:59,677 - Submitted sub-IR37610 ses-202403121 with job ID 61808
2024-06-17 13:39:59,713 - Submitted sub-IR38608 ses-202403191 with job ID 61809
2024-06-17 13:39:59,752 - Submitted sub-JE08660 ses-202403041 with job ID 61810
2024-06-17 13:39:59,795 - Submitted sub-JE56801 ses-202403071 with job ID 61811
2024-06-24 10:59:51,492 - Submitted sub-JE64290 ses-202403041 with job ID 388687
2024-06-24 10:59:51,549 - Submitted sub-JE69462 ses-202404151 with job ID 388688
2024-06-24 10:59:51,592 - Submitted sub-KC07974 ses-202307132 with job ID 388689
2024-06-24 10:59:51,635 - Submitted sub-KC07974 ses-202307131 with job ID 388690
2024-06-24 10:59:51,686 - Submitted sub-KC33577 ses-202403041 with job ID 388691
2024-06-24 10:59:51,935 - Submitted sub-KC34337 ses-202402121 with job ID 388692
2024-06-24 10:59:51,983 - Submitted sub-KC35414 ses-202404091 with job ID 388693
2024-06-24 10:59:52,032 - Submitted sub-LA00834 ses-202210101 with job ID 388694
2024-06-24 10:59:52,072 - Submitted sub-LA03036 ses-202211201 with job ID 388695
2024-06-24 10:59:52,119 - Submitted sub-LA07315 ses-202212161 with job ID 388696
2024-06-24 10:59:52,161 - Submitted sub-LS09836 ses-202311012 with job ID 388697
2024-06-24 10:59:52,210 - Submitted sub-LS12475 ses-202403251 with job ID 388698
2024-06-24 10:59:52,259 - Submitted sub-LS13685 ses-202310061 with job ID 388699
2024-06-24 10:59:52,305 - Submitted sub-LS78972 ses-202403111 with job ID 388700
2024-06-24 10:59:52,361 - Submitted sub-MA13030 ses-202403251 with job ID 388701
2024-06-24 10:59:52,408 - Submitted sub-MA15305 ses-202308081 with job ID 388702
2024-06-24 10:59:52,452 - Submitted sub-MA17670 ses-202309151 with job ID 388703
2024-06-24 10:59:52,501 - Submitted sub-MA25542 ses-202404061 with job ID 388704
2024-06-24 10:59:52,602 - Submitted sub-MA27467 ses-202404191 with job ID 388705
2024-06-24 10:59:52,650 - Submitted sub-MA31450 ses-202404161 with job ID 388706
2024-06-25 10:24:22,543 - Submitted sub-ME00655 ses-202402281 with job ID 580715
2024-06-25 10:24:22,590 - Submitted sub-ME03968 ses-202402161 with job ID 580716
2024-06-25 10:24:22,634 - Submitted sub-ME05572 ses-202403211 with job ID 580717
2024-06-25 10:24:22,679 - Submitted sub-ME08768 ses-202403061 with job ID 580718
2024-06-25 10:24:22,722 - Submitted sub-ME12006 ses-202404111 with job ID 580719
2024-06-25 10:24:22,766 - Submitted sub-ME14432 ses-202303031 with job ID 580720
2024-06-25 10:24:22,806 - Submitted sub-ME14987 ses-202403151 with job ID 580721
2024-06-25 10:24:22,857 - Submitted sub-ME15925 ses-202402231 with job ID 580722
2024-06-25 10:24:22,904 - Submitted sub-ME18638 ses-202403141 with job ID 580723
2024-06-25 10:24:22,949 - Submitted sub-ME20978 ses-202404051 with job ID 580724
2024-06-25 10:24:22,991 - Submitted sub-ME21738 ses-202402291 with job ID 580725
2024-06-25 10:24:23,041 - Submitted sub-ME22982 ses-202403191 with job ID 580726
2024-06-25 10:24:23,084 - Submitted sub-ME23603 ses-202402011 with job ID 580727
2024-06-25 10:24:23,130 - Submitted sub-ME27221 ses-202403181 with job ID 580728
2024-06-25 10:24:23,170 - Submitted sub-ME30537 ses-202404161 with job ID 580729
2024-06-25 10:24:23,215 - Submitted sub-ME30860 ses-202404111 with job ID 580730
2024-06-25 10:24:23,259 - Submitted sub-ME32018 ses-202404161 with job ID 580731
2024-06-25 10:24:23,302 - Submitted sub-ME33745 ses-202309121 with job ID 580732
2024-06-25 10:24:23,347 - Submitted sub-ME34549 ses-202403221 with job ID 580733
2024-06-25 10:24:23,391 - Submitted sub-ME34961 ses-202401181 with job ID 580734
2024-06-28 11:12:26,112 - Submitted sub-ME36531 ses-202403131 with job ID 182990
2024-06-28 11:12:26,149 - Submitted sub-ME36569 ses-202403221 with job ID 182991
2024-06-28 11:12:26,192 - Submitted sub-ME36892 ses-202403071 with job ID 182992
2024-06-28 11:12:26,229 - Submitted sub-ME37446 ses-202403251 with job ID 182993
2024-06-28 11:12:26,262 - Submitted sub-ME37529 ses-202402021 with job ID 182994
2024-06-28 11:12:26,302 - Submitted sub-ME38101 ses-202404041 with job ID 182995
2024-06-28 11:12:26,342 - Submitted sub-ME38262 ses-202403201 with job ID 182996
2024-06-28 11:12:26,387 - Submitted sub-ME38484 ses-202403211 with job ID 182997
2024-06-28 11:12:26,421 - Submitted sub-ME40180 ses-202403121 with job ID 182998
2024-06-28 11:12:26,680 - Submitted sub-ME40752 ses-202404151 with job ID 182999
2024-06-28 11:12:26,719 - Submitted sub-ME43360 ses-202403121 with job ID 183000
2024-06-28 11:12:26,757 - Submitted sub-ME44681 ses-202403221 with job ID 183001
2024-06-28 11:12:26,801 - Submitted sub-ME44786 ses-202403071 with job ID 183002
2024-06-28 11:12:26,840 - Submitted sub-ME45368 ses-202404181 with job ID 183003
2024-06-28 11:12:26,879 - Submitted sub-ME48643 ses-202211251 with job ID 183004
2024-06-28 11:12:26,924 - Submitted sub-ME49475 ses-202403061 with job ID 183005
2024-06-28 11:12:26,967 - Submitted sub-ME50444 ses-202403191 with job ID 183006
2024-06-28 11:12:27,005 - Submitted sub-ME51787 ses-202403061 with job ID 183007
2024-06-28 11:12:27,050 - Submitted sub-ME56248 ses-202403281 with job ID 183008
2024-06-28 11:12:27,093 - Submitted sub-ME66730 ses-202403151 with job ID 183009
2024-07-01 10:15:09,483 - Submitted sub-ME67178 ses-202404121 with job ID 780493
2024-07-01 10:15:09,524 - Submitted sub-ME67289 ses-202403191 with job ID 780494
2024-07-01 10:15:09,558 - Submitted sub-ME67390 ses-202402291 with job ID 780495
2024-07-01 10:15:09,599 - Submitted sub-ME68033 ses-202402161 with job ID 780496
2024-07-01 10:15:09,629 - Submitted sub-ME68194 ses-202403121 with job ID 780497
2024-07-01 10:15:09,658 - Submitted sub-ME68883 ses-202403011 with job ID 780498
2024-07-01 10:15:09,687 - Submitted sub-ME70006 ses-202403081 with job ID 780499
2024-07-01 10:15:09,714 - Submitted sub-ME73814 ses-202211041 with job ID 780500
2024-07-01 10:15:09,745 - Submitted sub-ME74335 ses-202404101 with job ID 780501
2024-07-01 10:15:09,773 - Submitted sub-ME81364 ses-202404091 with job ID 780502
2024-07-01 10:15:09,816 - Submitted sub-ME84827 ses-202403121 with job ID 780503
2024-07-01 10:15:09,850 - Submitted sub-ME84938 ses-202403261 with job ID 780504
2024-07-01 10:15:09,883 - Submitted sub-ME85176 ses-202404101 with job ID 780505
2024-07-01 10:15:09,911 - Submitted sub-ME85415 ses-202403151 with job ID 780506
2024-07-01 10:15:09,946 - Submitted sub-ME87774 ses-202404081 with job ID 780507
2024-07-01 10:15:09,981 - Submitted sub-ME89011 ses-202403131 with job ID 780508
2024-07-01 10:15:10,015 - Submitted sub-ME90802 ses-202402021 with job ID 780509
2024-07-01 10:15:10,049 - Submitted sub-ME93565 ses-202301061 with job ID 780510
2024-07-01 10:15:10,088 - Submitted sub-ME97666 ses-202212161 with job ID 780511
2024-07-01 10:15:10,126 - Submitted sub-NC02111 ses-202211082 with job ID 780512
2024-07-03 15:47:11,657 - Submitted sub-BI28850 ses-202405231 with job ID 236161
2024-07-03 15:47:11,699 - Submitted sub-BI33025 ses-202406131 with job ID 236162
2024-07-03 15:47:11,743 - Submitted sub-BI33542 ses-202404231 with job ID 236163
2024-07-03 15:47:11,795 - Submitted sub-BI44749 ses-202406281 with job ID 236164
2024-07-03 15:47:11,838 - Submitted sub-BM13227 ses-202404261 with job ID 236165
2024-07-03 15:47:11,880 - Submitted sub-BM13327 ses-202404261 with job ID 236166
2024-07-03 15:47:11,917 - Submitted sub-CA00229 ses-202302101 with job ID 236167
2024-07-03 15:47:11,952 - Submitted sub-CA00229 ses-202302102 with job ID 236168
2024-07-03 15:47:11,994 - Submitted sub-CG03112 ses-202405071 with job ID 236169
2024-07-03 15:47:12,039 - Submitted sub-CG23879 ses-202406111 with job ID 236170
2024-07-03 15:47:12,082 - Submitted sub-CG53773 ses-202405221 with job ID 236171
2024-07-03 15:47:12,118 - Submitted sub-CG64920 ses-202405081 with job ID 236172
2024-07-03 15:47:12,178 - Submitted sub-CG72703 ses-202404241 with job ID 236173
2024-07-03 15:47:12,219 - Submitted sub-CG85336 ses-202404301 with job ID 236174
2024-07-03 15:47:12,260 - Submitted sub-CG94446 ses-202405281 with job ID 236175
2024-07-03 15:47:12,303 - Submitted sub-CG97315 ses-202404221 with job ID 236176
2024-07-03 15:47:12,348 - Submitted sub-CG97654 ses-202406041 with job ID 236177
2024-07-03 15:47:12,397 - Submitted sub-CM01633 ses-202301271 with job ID 236178
2024-07-03 15:47:12,449 - Submitted sub-CM08170 ses-202402201 with job ID 236179
2024-07-03 15:47:12,489 - Submitted sub-CM08170 ses-202404261 with job ID 236180
2024-07-03 15:48:58,004 - Submitted sub-CM16303 ses-202403201 with job ID 236324
2024-07-03 15:48:58,048 - Submitted sub-CM17896 ses-202405161 with job ID 236325
2024-07-03 15:48:58,090 - Submitted sub-CM18195 ses-202403151 with job ID 236326
2024-07-03 15:48:58,142 - Submitted sub-CM21823 ses-202403141 with job ID 236327
2024-07-03 15:48:58,188 - Submitted sub-CM27538 ses-202404181 with job ID 236328
2024-07-03 15:48:58,230 - Submitted sub-CM27811 ses-202405081 with job ID 236329
2024-07-03 15:48:58,270 - Submitted sub-CM29370 ses-202404121 with job ID 236330
2024-07-03 15:48:58,312 - Submitted sub-CP06651 ses-202405021 with job ID 236331
2024-07-03 15:48:58,348 - Submitted sub-CP17925 ses-202405301 with job ID 236332
2024-07-03 15:48:58,386 - Submitted sub-CP21568 ses-202406061 with job ID 236333
2024-07-03 15:48:58,427 - Submitted sub-CP28172 ses-202309151 with job ID 236334
2024-07-03 15:48:58,463 - Submitted sub-CP33719 ses-202406271 with job ID 236335
2024-07-03 15:48:58,502 - Submitted sub-CP65350 ses-NoneNone with job ID 236336
2024-07-03 15:48:58,544 - Submitted sub-CP85340 ses-202405231 with job ID 236337
2024-07-03 15:48:58,587 - Submitted sub-CP89318 ses-202403151 with job ID 236455
2024-07-03 15:48:58,624 - Submitted sub-CP97363 ses-202405161 with job ID 236456
2024-07-03 15:48:58,664 - Submitted sub-GA10048 ses-202402021 with job ID 236457
2024-07-03 15:48:58,704 - Submitted sub-GA13951 ses-202405221 with job ID 236458
2024-07-03 15:48:58,743 - Submitted sub-GA16769 ses-202405291 with job ID 236459
2024-07-03 15:48:58,784 - Submitted sub-GA28510 ses-202402271 with job ID 236460
2024-07-05 11:23:15,243 - Submitted sub-BI28850 ses-202405231 with job ID 610860
2024-07-05 11:23:15,295 - Submitted sub-BI33025 ses-202406131 with job ID 610861
2024-07-05 11:23:15,391 - Submitted sub-BI33542 ses-202404231 with job ID 610862
2024-07-05 11:23:15,438 - Submitted sub-BI44749 ses-202406281 with job ID 610863
2024-07-05 11:23:15,485 - Submitted sub-BM13227 ses-202404261 with job ID 610864
2024-07-05 11:23:15,524 - Submitted sub-BM13327 ses-202404261 with job ID 610865
2024-07-05 11:23:15,574 - Submitted sub-CA00229 ses-202302101 with job ID 610866
2024-07-05 11:23:15,612 - Submitted sub-CA00229 ses-202302102 with job ID 610867
2024-07-05 11:23:15,657 - Submitted sub-CG03112 ses-202405071 with job ID 610868
2024-07-05 11:23:15,703 - Submitted sub-CG23879 ses-202406111 with job ID 610869
2024-07-05 11:23:15,747 - Submitted sub-CG53773 ses-202405221 with job ID 610870
2024-07-05 11:23:15,790 - Submitted sub-CG64920 ses-202405081 with job ID 610871
2024-07-05 11:23:15,839 - Submitted sub-CG72703 ses-202404241 with job ID 610872
2024-07-05 11:23:15,883 - Submitted sub-CG85336 ses-202404301 with job ID 610873
2024-07-05 11:23:15,931 - Submitted sub-CG94446 ses-202405281 with job ID 610902
2024-07-05 11:23:15,978 - Submitted sub-CG97315 ses-202404221 with job ID 611014
2024-07-05 11:23:16,016 - Submitted sub-CG97654 ses-202406041 with job ID 611016
2024-07-05 11:23:16,056 - Submitted sub-CM01633 ses-202301271 with job ID 611018
2024-07-05 11:23:16,099 - Submitted sub-CM08170 ses-202402201 with job ID 611019
2024-07-05 11:23:16,137 - Submitted sub-CM08170 ses-202404261 with job ID 611020
2024-07-05 11:44:54,974 - Submitted sub-BI28850 ses-202405231 with job ID 614122
2024-07-05 11:44:55,017 - Submitted sub-BI33025 ses-202406131 with job ID 614123
2024-07-05 11:44:55,058 - Submitted sub-BI33542 ses-202404231 with job ID 614124
2024-07-05 11:44:55,098 - Submitted sub-BI44749 ses-202406281 with job ID 614125
2024-07-05 11:44:55,135 - Submitted sub-BM13227 ses-202404261 with job ID 614126
2024-07-05 11:44:55,174 - Submitted sub-BM13327 ses-202404261 with job ID 614127
2024-07-05 11:44:55,214 - Submitted sub-CA00229 ses-202302101 with job ID 614128
2024-07-05 11:44:55,257 - Submitted sub-CA00229 ses-202302102 with job ID 614129
2024-07-05 11:44:55,303 - Submitted sub-CG03112 ses-202405071 with job ID 614130
2024-07-05 11:44:55,345 - Submitted sub-CG23879 ses-202406111 with job ID 614131
2024-07-05 11:44:55,387 - Submitted sub-CG53773 ses-202405221 with job ID 614132
2024-07-05 11:44:55,426 - Submitted sub-CG64920 ses-202405081 with job ID 614133
2024-07-05 11:44:55,463 - Submitted sub-CG72703 ses-202404241 with job ID 614134
2024-07-05 11:44:55,507 - Submitted sub-CG85336 ses-202404301 with job ID 614135
2024-07-05 11:44:55,554 - Submitted sub-CG94446 ses-202405281 with job ID 614136
2024-07-05 11:44:55,588 - Submitted sub-CG97315 ses-202404221 with job ID 614137
2024-07-05 11:44:55,625 - Submitted sub-CG97654 ses-202406041 with job ID 614138
2024-07-05 11:44:55,663 - Submitted sub-CM01633 ses-202301271 with job ID 614139
2024-07-05 11:44:55,704 - Submitted sub-CM08170 ses-202402201 with job ID 614140
2024-07-05 11:44:55,748 - Submitted sub-CM08170 ses-202404261 with job ID 614141
